{"/Users/ash/Studio/to-local/wp-content/themes/ai-block-theme-template/src/js/accessibility.ts": {"path":"/Users/ash/Studio/to-local/wp-content/themes/ai-block-theme-template/src/js/accessibility.ts","statementMap":{"0":{"start":{"line":10,"column":0},"end":{"line":10,"column":16}},"1":{"start":{"line":73,"column":0},"end":{"line":73,"column":16}},"2":{"start":{"line":4,"column":0},"end":{"line":4,"column":40}},"3":{"start":{"line":5,"column":0},"end":{"line":5,"column":37}},"4":{"start":{"line":12,"column":1},"end":{"line":12,"column":72}},"5":{"start":{"line":15,"column":1},"end":{"line":15,"column":64}},"6":{"start":{"line":18,"column":1},"end":{"line":18,"column":23}},"7":{"start":{"line":28,"column":1},"end":{"line":45,"column":2}},"8":{"start":{"line":29,"column":17},"end":{"line":29,"column":44}},"9":{"start":{"line":30,"column":24},"end":{"line":31,"column":33}},"10":{"start":{"line":33,"column":2},"end":{"line":44,"column":3}},"11":{"start":{"line":34,"column":20},"end":{"line":34,"column":68}},"12":{"start":{"line":35,"column":3},"end":{"line":43,"column":4}},"13":{"start":{"line":36,"column":23},"end":{"line":36,"column":56}},"14":{"start":{"line":37,"column":4},"end":{"line":42,"column":5}},"15":{"start":{"line":38,"column":5},"end":{"line":38,"column":24}},"16":{"start":{"line":39,"column":5},"end":{"line":41,"column":7}},"17":{"start":{"line":53,"column":29},"end":{"line":54,"column":null}},"18":{"start":{"line":57,"column":1},"end":{"line":65,"column":4}},"19":{"start":{"line":58,"column":2},"end":{"line":60,"column":5}},"20":{"start":{"line":59,"column":3},"end":{"line":59,"column":38}},"21":{"start":{"line":62,"column":2},"end":{"line":64,"column":5}},"22":{"start":{"line":63,"column":3},"end":{"line":63,"column":41}},"23":{"start":{"line":74,"column":1},"end":{"line":74,"column":16}},"24":{"start":{"line":87,"column":19},"end":{"line":87,"column":48}},"25":{"start":{"line":88,"column":1},"end":{"line":88,"column":47}},"26":{"start":{"line":89,"column":1},"end":{"line":89,"column":47}},"27":{"start":{"line":90,"column":1},"end":{"line":90,"column":39}},"28":{"start":{"line":91,"column":1},"end":{"line":91,"column":35}},"29":{"start":{"line":92,"column":1},"end":{"line":92,"column":31}},"30":{"start":{"line":93,"column":1},"end":{"line":93,"column":32}},"31":{"start":{"line":94,"column":1},"end":{"line":94,"column":37}},"32":{"start":{"line":96,"column":1},"end":{"line":96,"column":38}},"33":{"start":{"line":97,"column":1},"end":{"line":97,"column":33}},"34":{"start":{"line":99,"column":1},"end":{"line":101,"column":10}},"35":{"start":{"line":100,"column":2},"end":{"line":100,"column":39}},"36":{"start":{"line":110,"column":1},"end":{"line":114,"column":2}},"37":{"start":{"line":111,"column":2},"end":{"line":111,"column":52}},"38":{"start":{"line":113,"column":2},"end":{"line":113,"column":7}},"39":{"start":{"line":118,"column":0},"end":{"line":118,"column":33}}},"fnMap":{"0":{"name":"initAccessibility","decl":{"start":{"line":10,"column":16},"end":{"line":10,"column":33}},"loc":{"start":{"line":10,"column":33},"end":{"line":19,"column":1}}},"1":{"name":"handleKeyboardNavigation","decl":{"start":{"line":26,"column":9},"end":{"line":26,"column":33}},"loc":{"start":{"line":26,"column":54},"end":{"line":46,"column":1}}},"2":{"name":"initFocusManagement","decl":{"start":{"line":51,"column":9},"end":{"line":51,"column":28}},"loc":{"start":{"line":51,"column":28},"end":{"line":66,"column":1}}},"3":{"name":"(anonymous_3)","decl":{"start":{"line":57,"column":29},"end":{"line":57,"column":30}},"loc":{"start":{"line":57,"column":41},"end":{"line":65,"column":2}}},"4":{"name":"(anonymous_4)","decl":{"start":{"line":58,"column":36},"end":{"line":58,"column":39}},"loc":{"start":{"line":58,"column":41},"end":{"line":60,"column":3}}},"5":{"name":"(anonymous_5)","decl":{"start":{"line":62,"column":35},"end":{"line":62,"column":38}},"loc":{"start":{"line":62,"column":40},"end":{"line":64,"column":3}}},"6":{"name":"announceContentChange","decl":{"start":{"line":73,"column":16},"end":{"line":73,"column":37}},"loc":{"start":{"line":73,"column":53},"end":{"line":75,"column":1}}},"7":{"name":"announceToScreenReader","decl":{"start":{"line":83,"column":9},"end":{"line":83,"column":31}},"loc":{"start":{"line":85,"column":28},"end":{"line":102,"column":1}}},"8":{"name":"(anonymous_8)","decl":{"start":{"line":99,"column":12},"end":{"line":99,"column":15}},"loc":{"start":{"line":99,"column":17},"end":{"line":101,"column":2}}},"9":{"name":"runOnDomReady","decl":{"start":{"line":109,"column":9},"end":{"line":109,"column":22}},"loc":{"start":{"line":109,"column":37},"end":{"line":115,"column":1}}}},"branchMap":{"0":{"loc":{"start":{"line":28,"column":1},"end":{"line":45,"column":2}},"type":"if","locations":[{"start":{"line":28,"column":1},"end":{"line":45,"column":2}},{"start":{},"end":{}}]},"1":{"loc":{"start":{"line":28,"column":5},"end":{"line":28,"column":43}},"type":"binary-expr","locations":[{"start":{"line":28,"column":5},"end":{"line":28,"column":24}},{"start":{"line":28,"column":28},"end":{"line":28,"column":43}}]},"2":{"loc":{"start":{"line":33,"column":2},"end":{"line":44,"column":3}},"type":"if","locations":[{"start":{"line":33,"column":2},"end":{"line":44,"column":3}},{"start":{},"end":{}}]},"3":{"loc":{"start":{"line":33,"column":6},"end":{"line":33,"column":68}},"type":"binary-expr","locations":[{"start":{"line":33,"column":6},"end":{"line":33,"column":19}},{"start":{"line":33,"column":23},"end":{"line":33,"column":68}}]},"4":{"loc":{"start":{"line":35,"column":3},"end":{"line":43,"column":4}},"type":"if","locations":[{"start":{"line":35,"column":3},"end":{"line":43,"column":4}},{"start":{},"end":{}}]},"5":{"loc":{"start":{"line":37,"column":4},"end":{"line":42,"column":5}},"type":"if","locations":[{"start":{"line":37,"column":4},"end":{"line":42,"column":5}},{"start":{},"end":{}}]},"6":{"loc":{"start":{"line":85,"column":1},"end":{"line":85,"column":28}},"type":"default-arg","locations":[{"start":{"line":85,"column":20},"end":{"line":85,"column":28}}]},"7":{"loc":{"start":{"line":110,"column":1},"end":{"line":114,"column":2}},"type":"if","locations":[{"start":{"line":110,"column":1},"end":{"line":114,"column":2}},{"start":{"line":112,"column":8},"end":{"line":114,"column":2}}]}},"s":{"0":0,"1":0,"2":0,"3":0,"4":0,"5":0,"6":0,"7":0,"8":0,"9":0,"10":0,"11":0,"12":0,"13":0,"14":0,"15":0,"16":0,"17":0,"18":0,"19":0,"20":0,"21":0,"22":0,"23":0,"24":0,"25":0,"26":0,"27":0,"28":0,"29":0,"30":0,"31":0,"32":0,"33":0,"34":0,"35":0,"36":0,"37":0,"38":0,"39":0},"f":{"0":0,"1":0,"2":0,"3":0,"4":0,"5":0,"6":0,"7":0,"8":0,"9":0},"b":{"0":[0,0],"1":[0,0],"2":[0,0],"3":[0,0],"4":[0,0],"5":[0,0],"6":[0],"7":[0,0]}}
,"/Users/ash/Studio/to-local/wp-content/themes/ai-block-theme-template/src/js/style-engine.ts": {"path":"/Users/ash/Studio/to-local/wp-content/themes/ai-block-theme-template/src/js/style-engine.ts","statementMap":{"0":{"start":{"line":9,"column":0},"end":{"line":9,"column":16}},"1":{"start":{"line":111,"column":1},"end":{"line":111,"column":19}},"2":{"start":{"line":112,"column":1},"end":{"line":112,"column":22}},"3":{"start":{"line":113,"column":1},"end":{"line":113,"column":20}},"4":{"start":{"line":114,"column":1},"end":{"line":114,"column":14}},"5":{"start":{"line":4,"column":0},"end":{"line":4,"column":55}},"6":{"start":{"line":10,"column":16},"end":{"line":24,"column":3}},"7":{"start":{"line":26,"column":1},"end":{"line":26,"column":15}},"8":{"start":{"line":41,"column":1},"end":{"line":43,"column":2}},"9":{"start":{"line":42,"column":2},"end":{"line":42,"column":62}},"10":{"start":{"line":44,"column":1},"end":{"line":46,"column":2}},"11":{"start":{"line":45,"column":2},"end":{"line":45,"column":46}},"12":{"start":{"line":47,"column":1},"end":{"line":49,"column":2}},"13":{"start":{"line":48,"column":2},"end":{"line":48,"column":48}},"14":{"start":{"line":50,"column":1},"end":{"line":52,"column":2}},"15":{"start":{"line":51,"column":2},"end":{"line":51,"column":46}},"16":{"start":{"line":53,"column":1},"end":{"line":55,"column":2}},"17":{"start":{"line":54,"column":2},"end":{"line":54,"column":44}},"18":{"start":{"line":65,"column":21},"end":{"line":65,"column":52}},"19":{"start":{"line":67,"column":1},"end":{"line":74,"column":4}},"20":{"start":{"line":68,"column":2},"end":{"line":73,"column":3}},"21":{"start":{"line":69,"column":22},"end":{"line":69,"column":43}},"22":{"start":{"line":70,"column":3},"end":{"line":72,"column":4}},"23":{"start":{"line":71,"column":4},"end":{"line":71,"column":53}},"24":{"start":{"line":84,"column":17},"end":{"line":88,"column":3}},"25":{"start":{"line":89,"column":1},"end":{"line":89,"column":67}},"26":{"start":{"line":99,"column":1},"end":{"line":106,"column":3}}},"fnMap":{"0":{"name":"generateThemeStyles","decl":{"start":{"line":9,"column":16},"end":{"line":9,"column":35}},"loc":{"start":{"line":9,"column":35},"end":{"line":27,"column":1}}},"1":{"name":"applyDynamicStyles","decl":{"start":{"line":39,"column":9},"end":{"line":39,"column":27}},"loc":{"start":{"line":39,"column":66},"end":{"line":56,"column":1}}},"2":{"name":"applyResponsiveStyles","decl":{"start":{"line":64,"column":9},"end":{"line":64,"column":30}},"loc":{"start":{"line":64,"column":69},"end":{"line":75,"column":1}}},"3":{"name":"(anonymous_12)","decl":{"start":{"line":67,"column":21},"end":{"line":67,"column":22}},"loc":{"start":{"line":67,"column":32},"end":{"line":74,"column":2}}},"4":{"name":"getMediaQuery","decl":{"start":{"line":83,"column":9},"end":{"line":83,"column":22}},"loc":{"start":{"line":83,"column":37},"end":{"line":90,"column":1}}},"5":{"name":"generateBlockStyles","decl":{"start":{"line":98,"column":9},"end":{"line":98,"column":28}},"loc":{"start":{"line":98,"column":49},"end":{"line":107,"column":1}}}},"branchMap":{"0":{"loc":{"start":{"line":41,"column":1},"end":{"line":43,"column":2}},"type":"if","locations":[{"start":{"line":41,"column":1},"end":{"line":43,"column":2}},{"start":{},"end":{}}]},"1":{"loc":{"start":{"line":44,"column":1},"end":{"line":46,"column":2}},"type":"if","locations":[{"start":{"line":44,"column":1},"end":{"line":46,"column":2}},{"start":{},"end":{}}]},"2":{"loc":{"start":{"line":47,"column":1},"end":{"line":49,"column":2}},"type":"if","locations":[{"start":{"line":47,"column":1},"end":{"line":49,"column":2}},{"start":{},"end":{}}]},"3":{"loc":{"start":{"line":50,"column":1},"end":{"line":52,"column":2}},"type":"if","locations":[{"start":{"line":50,"column":1},"end":{"line":52,"column":2}},{"start":{},"end":{}}]},"4":{"loc":{"start":{"line":53,"column":1},"end":{"line":55,"column":2}},"type":"if","locations":[{"start":{"line":53,"column":1},"end":{"line":55,"column":2}},{"start":{},"end":{}}]},"5":{"loc":{"start":{"line":68,"column":2},"end":{"line":73,"column":3}},"type":"if","locations":[{"start":{"line":68,"column":2},"end":{"line":73,"column":3}},{"start":{},"end":{}}]},"6":{"loc":{"start":{"line":70,"column":3},"end":{"line":72,"column":4}},"type":"if","locations":[{"start":{"line":70,"column":3},"end":{"line":72,"column":4}},{"start":{},"end":{}}]},"7":{"loc":{"start":{"line":89,"column":8},"end":{"line":89,"column":66}},"type":"binary-expr","locations":[{"start":{"line":89,"column":8},"end":{"line":89,"column":47}},{"start":{"line":89,"column":51},"end":{"line":89,"column":66}}]}},"s":{"0":0,"1":0,"2":0,"3":0,"4":0,"5":0,"6":0,"7":0,"8":0,"9":0,"10":0,"11":0,"12":0,"13":0,"14":0,"15":0,"16":0,"17":0,"18":0,"19":0,"20":0,"21":0,"22":0,"23":0,"24":0,"25":0,"26":0},"f":{"0":0,"1":0,"2":0,"3":0,"4":0,"5":0},"b":{"0":[0,0],"1":[0,0],"2":[0,0],"3":[0,0],"4":[0,0],"5":[0,0],"6":[0,0],"7":[0,0]}}
,"/Users/ash/Studio/to-local/wp-content/themes/ai-block-theme-template/src/js/theme.ts": {"path":"/Users/ash/Studio/to-local/wp-content/themes/ai-block-theme-template/src/js/theme.ts","statementMap":{"0":{"start":{"line":102,"column":9},"end":{"line":102,"column":18}},"1":{"start":{"line":5,"column":0},"end":{"line":5,"column":75}},"2":{"start":{"line":6,"column":0},"end":{"line":6,"column":76}},"3":{"start":{"line":7,"column":0},"end":{"line":7,"column":37}},"4":{"start":{"line":14,"column":1},"end":{"line":14,"column":21}},"5":{"start":{"line":17,"column":21},"end":{"line":17,"column":42}},"6":{"start":{"line":21,"column":1},"end":{"line":21,"column":27}},"7":{"start":{"line":24,"column":1},"end":{"line":24,"column":29}},"8":{"start":{"line":27,"column":1},"end":{"line":29,"column":3}},"9":{"start":{"line":37,"column":21},"end":{"line":37,"column":51}},"10":{"start":{"line":38,"column":1},"end":{"line":50,"column":2}},"11":{"start":{"line":39,"column":2},"end":{"line":49,"column":5}},"12":{"start":{"line":58,"column":20},"end":{"line":58,"column":58}},"13":{"start":{"line":59,"column":24},"end":{"line":59,"column":66}},"14":{"start":{"line":61,"column":1},"end":{"line":74,"column":2}},"15":{"start":{"line":62,"column":2},"end":{"line":73,"column":5}},"16":{"start":{"line":64,"column":4},"end":{"line":64,"column":55}},"17":{"start":{"line":65,"column":3},"end":{"line":65,"column":70}},"18":{"start":{"line":66,"column":3},"end":{"line":66,"column":46}},"19":{"start":{"line":68,"column":3},"end":{"line":72,"column":5}},"20":{"start":{"line":77,"column":19},"end":{"line":77,"column":58}},"21":{"start":{"line":78,"column":1},"end":{"line":91,"column":4}},"22":{"start":{"line":79,"column":2},"end":{"line":90,"column":5}},"23":{"start":{"line":80,"column":3},"end":{"line":80,"column":22}},"24":{"start":{"line":81,"column":18},"end":{"line":82,"column":null}},"25":{"start":{"line":84,"column":3},"end":{"line":89,"column":4}},"26":{"start":{"line":85,"column":5},"end":{"line":85,"column":36}},"27":{"start":{"line":86,"column":4},"end":{"line":88,"column":6}},"28":{"start":{"line":95,"column":0},"end":{"line":99,"column":1}},"29":{"start":{"line":96,"column":1},"end":{"line":96,"column":58}},"30":{"start":{"line":98,"column":1},"end":{"line":98,"column":13}}},"fnMap":{"0":{"name":"initTheme","decl":{"start":{"line":12,"column":9},"end":{"line":12,"column":18}},"loc":{"start":{"line":12,"column":18},"end":{"line":30,"column":1}}},"1":{"name":"setupResponsiveFeatures","decl":{"start":{"line":35,"column":9},"end":{"line":35,"column":32}},"loc":{"start":{"line":35,"column":32},"end":{"line":51,"column":1}}},"2":{"name":"initInteractiveComponents","decl":{"start":{"line":56,"column":9},"end":{"line":56,"column":34}},"loc":{"start":{"line":56,"column":34},"end":{"line":92,"column":1}}},"3":{"name":"(anonymous_3)","decl":{"start":{"line":62,"column":39},"end":{"line":62,"column":42}},"loc":{"start":{"line":62,"column":44},"end":{"line":73,"column":3}}},"4":{"name":"(anonymous_4)","decl":{"start":{"line":78,"column":19},"end":{"line":78,"column":20}},"loc":{"start":{"line":78,"column":28},"end":{"line":91,"column":2}}},"5":{"name":"(anonymous_5)","decl":{"start":{"line":79,"column":33},"end":{"line":79,"column":34}},"loc":{"start":{"line":79,"column":39},"end":{"line":90,"column":3}}}},"branchMap":{"0":{"loc":{"start":{"line":38,"column":1},"end":{"line":50,"column":2}},"type":"if","locations":[{"start":{"line":38,"column":1},"end":{"line":50,"column":2}},{"start":{},"end":{}}]},"1":{"loc":{"start":{"line":61,"column":1},"end":{"line":74,"column":2}},"type":"if","locations":[{"start":{"line":61,"column":1},"end":{"line":74,"column":2}},{"start":{},"end":{}}]},"2":{"loc":{"start":{"line":61,"column":5},"end":{"line":61,"column":33}},"type":"binary-expr","locations":[{"start":{"line":61,"column":5},"end":{"line":61,"column":15}},{"start":{"line":61,"column":19},"end":{"line":61,"column":33}}]},"3":{"loc":{"start":{"line":69,"column":4},"end":{"line":71,"column":51}},"type":"cond-expr","locations":[{"start":{"line":70,"column":7},"end":{"line":70,"column":51}},{"start":{"line":71,"column":7},"end":{"line":71,"column":51}}]},"4":{"loc":{"start":{"line":82,"column":4},"end":{"line":82,"column":35}},"type":"binary-expr","locations":[{"start":{"line":82,"column":4},"end":{"line":82,"column":29}},{"start":{"line":82,"column":33},"end":{"line":82,"column":35}}]},"5":{"loc":{"start":{"line":84,"column":3},"end":{"line":89,"column":4}},"type":"if","locations":[{"start":{"line":84,"column":3},"end":{"line":89,"column":4}},{"start":{},"end":{}}]},"6":{"loc":{"start":{"line":95,"column":0},"end":{"line":99,"column":1}},"type":"if","locations":[{"start":{"line":95,"column":0},"end":{"line":99,"column":1}},{"start":{"line":97,"column":7},"end":{"line":99,"column":1}}]}},"s":{"0":0,"1":0,"2":0,"3":0,"4":0,"5":0,"6":0,"7":0,"8":0,"9":0,"10":0,"11":0,"12":0,"13":0,"14":0,"15":0,"16":0,"17":0,"18":0,"19":0,"20":0,"21":0,"22":0,"23":0,"24":0,"25":0,"26":0,"27":0,"28":0,"29":0,"30":0},"f":{"0":0,"1":0,"2":0,"3":0,"4":0,"5":0},"b":{"0":[0,0],"1":[0,0],"2":[0,0],"3":[0,0],"4":[0,0],"5":[0,0],"6":[0,0]}}
}
