TN:
SF:src/js/accessibility.ts
FN:10,initAccessibility
FN:26,handleKeyboardNavigation
FN:51,initFocusManagement
FN:57,(anonymous_3)
FN:58,(anonymous_4)
FN:62,(anonymous_5)
FN:73,announceContentChange
FN:83,announceToScreenReader
FN:99,(anonymous_8)
FN:109,runOnDomReady
FNF:10
FNH:0
FNDA:0,initAccessibility
FNDA:0,handleKeyboardNavigation
FNDA:0,initFocusManagement
FNDA:0,(anonymous_3)
FNDA:0,(anonymous_4)
FNDA:0,(anonymous_5)
FNDA:0,announceContentChange
FNDA:0,announceToScreenReader
FNDA:0,(anonymous_8)
FNDA:0,runOnDomReady
DA:4,0
DA:5,0
DA:10,0
DA:12,0
DA:15,0
DA:18,0
DA:28,0
DA:29,0
DA:30,0
DA:33,0
DA:34,0
DA:35,0
DA:36,0
DA:37,0
DA:38,0
DA:39,0
DA:53,0
DA:57,0
DA:58,0
DA:59,0
DA:62,0
DA:63,0
DA:73,0
DA:74,0
DA:87,0
DA:88,0
DA:89,0
DA:90,0
DA:91,0
DA:92,0
DA:93,0
DA:94,0
DA:96,0
DA:97,0
DA:99,0
DA:100,0
DA:110,0
DA:111,0
DA:113,0
DA:118,0
LF:40
LH:0
BRDA:28,0,0,0
BRDA:28,1,0,0
BRDA:28,1,1,0
BRDA:33,2,0,0
BRDA:33,3,0,0
BRDA:33,3,1,0
BRDA:35,4,0,0
BRDA:37,5,0,0
BRDA:85,6,0,0
BRDA:110,7,0,0
BRDA:110,7,1,0
BRF:11
BRH:0
end_of_record
TN:
SF:src/js/style-engine.ts
FN:9,generateThemeStyles
FN:39,applyDynamicStyles
FN:64,applyResponsiveStyles
FN:67,(anonymous_12)
FN:83,getMediaQuery
FN:98,generateBlockStyles
FNF:6
FNH:0
FNDA:0,generateThemeStyles
FNDA:0,applyDynamicStyles
FNDA:0,applyResponsiveStyles
FNDA:0,(anonymous_12)
FNDA:0,getMediaQuery
FNDA:0,generateBlockStyles
DA:4,0
DA:9,0
DA:10,0
DA:26,0
DA:41,0
DA:42,0
DA:44,0
DA:45,0
DA:47,0
DA:48,0
DA:50,0
DA:51,0
DA:53,0
DA:54,0
DA:65,0
DA:67,0
DA:68,0
DA:69,0
DA:70,0
DA:71,0
DA:84,0
DA:89,0
DA:99,0
DA:111,0
DA:112,0
DA:113,0
DA:114,0
LF:27
LH:0
BRDA:41,0,0,0
BRDA:44,1,0,0
BRDA:47,2,0,0
BRDA:50,3,0,0
BRDA:53,4,0,0
BRDA:68,5,0,0
BRDA:70,6,0,0
BRDA:89,7,0,0
BRDA:89,7,1,0
BRF:9
BRH:0
end_of_record
TN:
SF:src/js/theme.ts
FN:12,initTheme
FN:35,setupResponsiveFeatures
FN:56,initInteractiveComponents
FN:62,(anonymous_3)
FN:78,(anonymous_4)
FN:79,(anonymous_5)
FNF:6
FNH:0
FNDA:0,initTheme
FNDA:0,setupResponsiveFeatures
FNDA:0,initInteractiveComponents
FNDA:0,(anonymous_3)
FNDA:0,(anonymous_4)
FNDA:0,(anonymous_5)
DA:5,0
DA:6,0
DA:7,0
DA:14,0
DA:17,0
DA:21,0
DA:24,0
DA:27,0
DA:37,0
DA:38,0
DA:39,0
DA:58,0
DA:59,0
DA:61,0
DA:62,0
DA:64,0
DA:65,0
DA:66,0
DA:68,0
DA:77,0
DA:78,0
DA:79,0
DA:80,0
DA:81,0
DA:84,0
DA:85,0
DA:86,0
DA:95,0
DA:96,0
DA:98,0
DA:102,0
LF:31
LH:0
BRDA:38,0,0,0
BRDA:61,1,0,0
BRDA:61,2,0,0
BRDA:61,2,1,0
BRDA:69,3,0,0
BRDA:69,3,1,0
BRDA:82,4,0,0
BRDA:82,4,1,0
BRDA:84,5,0,0
BRDA:95,6,0,0
BRDA:95,6,1,0
BRF:11
BRH:0
end_of_record
